<?xml version="1.0" encoding="UTF-8"?>
<!-- Generated by org.testng.reporters.JUnitReportReporter -->
<testsuite hostname="Ruchit" failures="0" tests="1" name="Page_Validation.KnowGoSectionLinks_Validation" time="43.603" errors="0" timestamp="2025-01-18T18:43:02 IST" skipped="0">
  <testcase classname="Page_Validation.KnowGoSectionLinks_Validation" name="SectionLinksValidation" time="43.603"/>
</testsuite> <!-- Page_Validation.KnowGoSectionLinks_Validation -->
