<?xml version="1.0" encoding="UTF-8"?>
<!-- Generated by org.testng.reporters.JUnitReportReporter -->
<testsuite hostname="Ruchit" failures="0" tests="1" name="Page_Validation.HomeNav_Testing" time="31.883" errors="0" timestamp="2025-01-18T18:43:02 IST" skipped="0">
  <testcase classname="Page_Validation.HomeNav_Testing" name="NavValidation" time="31.883"/>
</testsuite> <!-- Page_Validation.HomeNav_Testing -->
